<?xml version="1.0" encoding="UTF-8"?>
<!-- Generated by org.testng.reporters.JUnitReportReporter -->
<testsuite skipped="0" hostname="LAPTOP-7EM5AACR" name="Android_Apps.PageObject_ApiDemo.ApiDemo" tests="2" failures="0" timestamp="12 Jun 2020 15:16:47 GMT" time="119.145" errors="0">
  <testcase name="ApiDemo" time="58.788" classname="Android_Apps.PageObject_ApiDemo.ApiDemo"/>
  <testcase name="ApiDemo" time="60.357" classname="Android_Apps.PageObject_ApiDemo.ApiDemo"/>
</testsuite> <!-- Android_Apps.PageObject_ApiDemo.ApiDemo -->
