<?xml version="1.0" encoding="UTF-8"?>
<!-- Generated by org.testng.reporters.JUnitReportReporter -->
<testsuite skipped="0" hostname="LAPTOP-7EM5AACR" name="Practice.ECommerce" tests="1" failures="0" timestamp="12 Jun 2020 15:16:47 GMT" time="75.258" errors="0">
  <testcase name="totalValidation" time="75.258" classname="Practice.ECommerce"/>
</testsuite> <!-- Practice.ECommerce -->
